#
# There is insufficient memory for the Java Runtime Environment to continue.
# Native memory allocation (malloc) failed to allocate 32744 bytes for ChunkPool::allocate
# Possible reasons:
#   The system is out of physical RAM or swap space
#   The process is running with CompressedOops enabled, and the Java Heap may be blocking the growth of the native heap
# Possible solutions:
#   Reduce memory load on the system
#   Increase physical memory or swap space
#   Check if swap backing store is full
#   Decrease Java heap size (-Xmx/-Xms)
#   Decrease number of Java threads
#   Decrease Java thread stack sizes (-Xss)
#   Set larger code cache with -XX:ReservedCodeCacheSize=
#   JVM is running with Unscaled Compressed Oops mode in which the Java heap is
#     placed in the first 4GB address space. The Java Heap base address is the
#     maximum limit for the native heap growth. Please use -XX:HeapBaseMinAddress
#     to set the Java Heap base and to place the Java Heap above 4GB virtual address.
# This output file may be truncated or incomplete.
#
#  Out of Memory Error (allocation.cpp:272), pid=16268, tid=0x0000000000005f68
#
# JRE version: Java(TM) SE Runtime Environment (8.0_211-b12) (build 1.8.0_211-b12)
# Java VM: Java HotSpot(TM) 64-Bit Server VM (25.211-b12 mixed mode windows-amd64 compressed oops)
# Failed to write core dump. Minidumps are not enabled by default on client versions of Windows
#

---------------  T H R E A D  ---------------

Current thread (0x0000000013c97800):  JavaThread "C1 CompilerThread2" daemon [_thread_in_native, id=24424, stack(0x0000000015b40000,0x0000000015c40000)]

Stack: [0x0000000015b40000,0x0000000015c40000]
[error occurred during error reporting (printing stack bounds), id 0xc0000005]

Native frames: (J=compiled Java code, j=interpreted, Vv=VM code, C=native code)


Current CompileTask:
C1:  22932 4296       3       sun.misc.ProxyGenerator$ProxyMethod::codeUnwrapReturnValue (213 bytes)


---------------  P R O C E S S  ---------------

Java Threads: ( => current thread )
  0x0000000017484000 JavaThread "Memory manager" [_thread_blocked, id=27636, stack(0x0000000024ae0000,0x0000000024be0000)]
  0x0000000017487000 JavaThread "jar transforms Thread 92" [_thread_blocked, id=20500, stack(0x00000000241e0000,0x00000000242e0000)]
  0x0000000017488000 JavaThread "jar transforms Thread 91" [_thread_blocked, id=14540, stack(0x00000000240e0000,0x00000000241e0000)]
  0x0000000017483800 JavaThread "jar transforms Thread 90" [_thread_blocked, id=2968, stack(0x0000000023fe0000,0x00000000240e0000)]
  0x0000000017480800 JavaThread "jar transforms Thread 89" [_thread_blocked, id=15756, stack(0x0000000023ee0000,0x0000000023fe0000)]
  0x0000000017482800 JavaThread "jar transforms Thread 88" [_thread_blocked, id=11988, stack(0x0000000023de0000,0x0000000023ee0000)]
  0x0000000017486800 JavaThread "jar transforms Thread 87" [_thread_blocked, id=15232, stack(0x0000000023ce0000,0x0000000023de0000)]
  0x0000000018286800 JavaThread "jar transforms Thread 86" [_thread_blocked, id=24436, stack(0x0000000023be0000,0x0000000023ce0000)]
  0x0000000018286000 JavaThread "jar transforms Thread 85" [_thread_blocked, id=20140, stack(0x0000000023ae0000,0x0000000023be0000)]
  0x0000000018285000 JavaThread "jar transforms Thread 84" [_thread_blocked, id=26924, stack(0x00000000239e0000,0x0000000023ae0000)]
  0x0000000018283800 JavaThread "jar transforms Thread 83" [_thread_blocked, id=25252, stack(0x00000000238e0000,0x00000000239e0000)]
  0x0000000018287800 JavaThread "jar transforms Thread 82" [_thread_blocked, id=4912, stack(0x00000000237e0000,0x00000000238e0000)]
  0x0000000018284800 JavaThread "jar transforms Thread 81" [_thread_blocked, id=1924, stack(0x00000000236e0000,0x00000000237e0000)]
  0x000000001827c000 JavaThread "jar transforms Thread 80" [_thread_blocked, id=12712, stack(0x00000000235e0000,0x00000000236e0000)]
  0x0000000018283000 JavaThread "jar transforms Thread 79" [_thread_blocked, id=22688, stack(0x00000000234e0000,0x00000000235e0000)]
  0x000000001827f000 JavaThread "jar transforms Thread 78" [_thread_blocked, id=23912, stack(0x00000000233e0000,0x00000000234e0000)]
  0x0000000018281800 JavaThread "jar transforms Thread 77" [_thread_blocked, id=18532, stack(0x00000000232e0000,0x00000000233e0000)]
  0x0000000018282000 JavaThread "jar transforms Thread 76" [_thread_blocked, id=6828, stack(0x00000000231e0000,0x00000000232e0000)]
  0x000000001827a000 JavaThread "jar transforms Thread 75" [_thread_blocked, id=13996, stack(0x00000000230e0000,0x00000000231e0000)]
  0x000000001827e800 JavaThread "jar transforms Thread 74" [_thread_blocked, id=17668, stack(0x0000000022fe0000,0x00000000230e0000)]
  0x000000001827d800 JavaThread "jar transforms Thread 73" [_thread_blocked, id=27072, stack(0x0000000022ee0000,0x0000000022fe0000)]
  0x000000001827a800 JavaThread "jar transforms Thread 72" [_thread_blocked, id=27484, stack(0x0000000022de0000,0x0000000022ee0000)]
  0x000000001827d000 JavaThread "jar transforms Thread 71" [_thread_blocked, id=24536, stack(0x0000000022ce0000,0x0000000022de0000)]
  0x0000000018280800 JavaThread "jar transforms Thread 70" [_thread_blocked, id=5776, stack(0x0000000022be0000,0x0000000022ce0000)]
  0x0000000018279000 JavaThread "jar transforms Thread 69" [_thread_blocked, id=17476, stack(0x0000000022ae0000,0x0000000022be0000)]
  0x000000001827b800 JavaThread "jar transforms Thread 68" [_thread_blocked, id=25432, stack(0x00000000229e0000,0x0000000022ae0000)]
  0x0000000018280000 JavaThread "jar transforms Thread 67" [_thread_blocked, id=25072, stack(0x00000000228e0000,0x00000000229e0000)]
  0x0000000018278800 JavaThread "jar transforms Thread 66" [_thread_blocked, id=10936, stack(0x00000000227e0000,0x00000000228e0000)]
  0x000000001af49800 JavaThread "jar transforms Thread 65" [_thread_blocked, id=17348, stack(0x00000000226e0000,0x00000000227e0000)]
  0x000000001af49000 JavaThread "jar transforms Thread 64" [_thread_blocked, id=17268, stack(0x00000000225e0000,0x00000000226e0000)]
  0x000000001af4d800 JavaThread "jar transforms Thread 63" [_thread_blocked, id=15376, stack(0x00000000224e0000,0x00000000225e0000)]
  0x000000001af4a800 JavaThread "jar transforms Thread 62" [_thread_blocked, id=13112, stack(0x00000000223e0000,0x00000000224e0000)]
  0x000000001af4c800 JavaThread "jar transforms Thread 61" [_thread_blocked, id=25712, stack(0x00000000222e0000,0x00000000223e0000)]
  0x000000001af4b000 JavaThread "jar transforms Thread 60" [_thread_blocked, id=4704, stack(0x00000000221e0000,0x00000000222e0000)]
  0x000000001af4c000 JavaThread "jar transforms Thread 59" [_thread_blocked, id=12264, stack(0x00000000220e0000,0x00000000221e0000)]
  0x000000001af48000 JavaThread "jar transforms Thread 58" [_thread_blocked, id=23460, stack(0x0000000021fe0000,0x00000000220e0000)]
  0x000000001af4e000 JavaThread "jar transforms Thread 57" [_thread_blocked, id=27244, stack(0x0000000021ee0000,0x0000000021fe0000)]
  0x000000001af40800 JavaThread "jar transforms Thread 56" [_thread_blocked, id=26940, stack(0x0000000021de0000,0x0000000021ee0000)]
  0x000000001af47800 JavaThread "jar transforms Thread 55" [_thread_blocked, id=25440, stack(0x0000000021ce0000,0x0000000021de0000)]
  0x000000001af46800 JavaThread "jar transforms Thread 54" [_thread_blocked, id=16880, stack(0x0000000021be0000,0x0000000021ce0000)]
  0x000000001af43000 JavaThread "jar transforms Thread 53" [_thread_blocked, id=1876, stack(0x0000000021ae0000,0x0000000021be0000)]
  0x000000001af3f000 JavaThread "jar transforms Thread 52" [_thread_blocked, id=14340, stack(0x00000000219e0000,0x0000000021ae0000)]
  0x000000001af44800 JavaThread "jar transforms Thread 51" [_thread_blocked, id=12928, stack(0x00000000218e0000,0x00000000219e0000)]
  0x000000001af46000 JavaThread "jar transforms Thread 50" [_thread_blocked, id=21760, stack(0x00000000217e0000,0x00000000218e0000)]
  0x000000001af40000 JavaThread "jar transforms Thread 49" [_thread_blocked, id=16528, stack(0x00000000216e0000,0x00000000217e0000)]
  0x000000001af41800 JavaThread "jar transforms Thread 48" [_thread_blocked, id=26160, stack(0x00000000215e0000,0x00000000216e0000)]
  0x000000001af42000 JavaThread "jar transforms Thread 47" [_thread_blocked, id=22040, stack(0x00000000214e0000,0x00000000215e0000)]
  0x000000001af45000 JavaThread "jar transforms Thread 46" [_thread_blocked, id=14600, stack(0x00000000213e0000,0x00000000214e0000)]
  0x000000001af43800 JavaThread "jar transforms Thread 45" [_thread_blocked, id=25732, stack(0x00000000212e0000,0x00000000213e0000)]
  0x000000001ab9b800 JavaThread "jar transforms Thread 44" [_thread_blocked, id=24300, stack(0x00000000211e0000,0x00000000212e0000)]
  0x000000001ab9a800 JavaThread "jar transforms Thread 43" [_thread_blocked, id=25740, stack(0x00000000210e0000,0x00000000211e0000)]
  0x000000001ab9d800 JavaThread "jar transforms Thread 42" [_thread_blocked, id=26752, stack(0x0000000020fe0000,0x00000000210e0000)]
  0x000000001ab9d000 JavaThread "jar transforms Thread 41" [_thread_blocked, id=21212, stack(0x0000000020ee0000,0x0000000020fe0000)]
  0x000000001ab98800 JavaThread "jar transforms Thread 40" [_thread_blocked, id=6360, stack(0x0000000020de0000,0x0000000020ee0000)]
  0x000000001ab9e800 JavaThread "jar transforms Thread 39" [_thread_blocked, id=26228, stack(0x0000000020ce0000,0x0000000020de0000)]
  0x000000001ab9c000 JavaThread "jar transforms Thread 38" [_thread_blocked, id=18296, stack(0x0000000020be0000,0x0000000020ce0000)]
  0x000000001ab9a000 JavaThread "jar transforms Thread 37" [_thread_blocked, id=24352, stack(0x0000000020ae0000,0x0000000020be0000)]
  0x000000001ab99000 JavaThread "jar transforms Thread 36" [_thread_blocked, id=22700, stack(0x00000000209e0000,0x0000000020ae0000)]
  0x000000001ab91000 JavaThread "jar transforms Thread 35" [_thread_blocked, id=22136, stack(0x00000000208e0000,0x00000000209e0000)]
  0x000000001ab97800 JavaThread "jar transforms Thread 34" [_thread_blocked, id=24768, stack(0x00000000207e0000,0x00000000208e0000)]
  0x000000001ab90000 JavaThread "jar transforms Thread 33" [_thread_blocked, id=5156, stack(0x00000000206e0000,0x00000000207e0000)]
  0x000000001ab97000 JavaThread "jar transforms Thread 32" [_thread_blocked, id=22868, stack(0x00000000205e0000,0x00000000206e0000)]
  0x000000001ab96000 JavaThread "jar transforms Thread 31" [_thread_blocked, id=3832, stack(0x00000000204e0000,0x00000000205e0000)]
  0x000000001ab93000 JavaThread "jar transforms Thread 30" [_thread_blocked, id=19564, stack(0x00000000203e0000,0x00000000204e0000)]
  0x000000001ab95800 JavaThread "jar transforms Thread 29" [_thread_blocked, id=13132, stack(0x00000000202e0000,0x00000000203e0000)]
  0x000000001ab92800 JavaThread "jar transforms Thread 28" [_thread_blocked, id=20488, stack(0x00000000201e0000,0x00000000202e0000)]
  0x000000001ab94800 JavaThread "jar transforms Thread 27" [_thread_blocked, id=19780, stack(0x00000000200e0000,0x00000000201e0000)]
  0x000000001ab91800 JavaThread "jar transforms Thread 26" [_thread_blocked, id=12096, stack(0x000000001ffe0000,0x00000000200e0000)]
  0x000000001ab8f800 JavaThread "jar transforms Thread 25" [_thread_blocked, id=16764, stack(0x000000001fee0000,0x000000001ffe0000)]
  0x000000001ab94000 JavaThread "jar transforms Thread 24" [_thread_blocked, id=14548, stack(0x000000001fde0000,0x000000001fee0000)]
  0x0000000018718800 JavaThread "jar transforms Thread 23" [_thread_blocked, id=12036, stack(0x000000001fce0000,0x000000001fde0000)]
  0x0000000018718000 JavaThread "jar transforms Thread 22" [_thread_blocked, id=25628, stack(0x000000001fbe0000,0x000000001fce0000)]
  0x0000000018717000 JavaThread "jar transforms Thread 21" [_thread_blocked, id=10748, stack(0x000000001fae0000,0x000000001fbe0000)]
  0x0000000018716800 JavaThread "jar transforms Thread 20" [_thread_blocked, id=14604, stack(0x000000001f9e0000,0x000000001fae0000)]
  0x0000000018715800 JavaThread "jar transforms Thread 19" [_thread_blocked, id=6612, stack(0x000000001f8e0000,0x000000001f9e0000)]
  0x0000000018712800 JavaThread "jar transforms Thread 18" [_thread_blocked, id=25984, stack(0x000000001f7e0000,0x000000001f8e0000)]
  0x0000000018719800 JavaThread "jar transforms Thread 17" [_thread_blocked, id=268, stack(0x000000001f6e0000,0x000000001f7e0000)]
  0x0000000018714000 JavaThread "jar transforms Thread 16" [_thread_blocked, id=21556, stack(0x000000001f5e0000,0x000000001f6e0000)]
  0x0000000018713800 JavaThread "jar transforms Thread 15" [_thread_blocked, id=16892, stack(0x000000001f4e0000,0x000000001f5e0000)]
  0x0000000018715000 JavaThread "jar transforms Thread 14" [_thread_blocked, id=12840, stack(0x000000001f3e0000,0x000000001f4e0000)]
  0x000000001740d000 JavaThread "jar transforms Thread 13" [_thread_blocked, id=24228, stack(0x000000001f2e0000,0x000000001f3e0000)]
  0x000000001740c800 JavaThread "jar transforms Thread 12" [_thread_blocked, id=25972, stack(0x000000001f1e0000,0x000000001f2e0000)]
  0x000000001740e000 JavaThread "jar transforms Thread 11" [_thread_blocked, id=24184, stack(0x000000001f0e0000,0x000000001f1e0000)]
  0x000000001740b800 JavaThread "jar transforms Thread 10" [_thread_blocked, id=17160, stack(0x000000001efe0000,0x000000001f0e0000)]
  0x000000001740b000 JavaThread "jar transforms Thread 9" [_thread_blocked, id=20332, stack(0x000000001eee0000,0x000000001efe0000)]
  0x000000001740a000 JavaThread "jar transforms Thread 8" [_thread_blocked, id=9968, stack(0x000000001ede0000,0x000000001eee0000)]
  0x0000000017402800 JavaThread "jar transforms Thread 7" [_thread_blocked, id=10176, stack(0x000000001ece0000,0x000000001ede0000)]
  0x0000000017409800 JavaThread "jar transforms Thread 6" [_thread_blocked, id=23084, stack(0x000000001ebe0000,0x000000001ece0000)]
  0x0000000017403800 JavaThread "jar transforms Thread 5" [_thread_blocked, id=22588, stack(0x000000001eae0000,0x000000001ebe0000)]
  0x0000000017402000 JavaThread "jar transforms Thread 4" [_thread_blocked, id=20704, stack(0x000000001e9e0000,0x000000001eae0000)]
  0x0000000017408800 JavaThread "jar transforms Thread 3" [_thread_blocked, id=17340, stack(0x000000001e8e0000,0x000000001e9e0000)]
  0x0000000017408000 JavaThread "jar transforms Thread 2" [_thread_blocked, id=26864, stack(0x000000001e7e0000,0x000000001e8e0000)]
  0x0000000017407000 JavaThread "Build operations Thread 6" [_thread_blocked, id=24332, stack(0x000000001e6e0000,0x000000001e7e0000)]
  0x0000000017404000 JavaThread "Build operations Thread 5" [_thread_blocked, id=12524, stack(0x000000001e5e0000,0x000000001e6e0000)]
  0x00000000173ff800 JavaThread "Build operations Thread 4" [_thread_blocked, id=17112, stack(0x000000001e4e0000,0x000000001e5e0000)]
  0x0000000017406800 JavaThread "Build operations Thread 3" [_thread_blocked, id=21132, stack(0x000000001e3e0000,0x000000001e4e0000)]
  0x00000000173ff000 JavaThread "Build operations Thread 2" [_thread_blocked, id=20780, stack(0x000000001e2e0000,0x000000001e3e0000)]
  0x0000000017401000 JavaThread "Build operations" [_thread_blocked, id=25204, stack(0x000000001de90000,0x000000001df90000)]
  0x0000000017405000 JavaThread "Cache worker for Build Output Cleanup Cache (D:\Utilisateurs\herve7\Documents\projet\js\MyAppLGR\android\.gradle\buildOutputCleanup)" [_thread_blocked, id=5100, stack(0x000000001dfe0000,0x000000001e0e0000)]
  0x0000000018069000 JavaThread "Cache worker for file content cache (D:\Utilisateurs\herve7\.gradle\caches\6.7\fileContent)" [_thread_blocked, id=18664, stack(0x000000001d790000,0x000000001d890000)]
  0x0000000018068800 JavaThread "jar transforms" [_thread_blocked, id=4176, stack(0x000000001d690000,0x000000001d790000)]
  0x0000000018067800 JavaThread "Cache worker for execution history cache (D:\Utilisateurs\herve7\.gradle\caches\6.7\executionHistory)" [_thread_blocked, id=13992, stack(0x000000001cf90000,0x000000001d090000)]
  0x0000000018067000 JavaThread "Cache worker for cache directory md-rule (D:\Utilisateurs\herve7\.gradle\caches\6.7\md-rule)" [_thread_blocked, id=16376, stack(0x000000001ce90000,0x000000001cf90000)]
  0x000000001806b800 JavaThread "Cache worker for cache directory md-supplier (D:\Utilisateurs\herve7\.gradle\caches\6.7\md-supplier)" [_thread_blocked, id=7672, stack(0x000000001cd90000,0x000000001ce90000)]
  0x0000000018066000 JavaThread "Cache worker for checksums cache (D:\Utilisateurs\herve7\Documents\projet\js\MyAppLGR\android\.gradle\checksums)" [_thread_blocked, id=22300, stack(0x000000001ca90000,0x000000001cb90000)]
  0x000000001806a800 JavaThread "Cache worker for file hash cache (D:\Utilisateurs\herve7\Documents\projet\js\MyAppLGR\android\.gradle\6.7\fileHashes)" [_thread_blocked, id=5420, stack(0x000000001b560000,0x000000001b660000)]
  0x000000001806a000 JavaThread "Cache worker for journal cache (D:\Utilisateurs\herve7\.gradle\caches\journal-1)" [_thread_blocked, id=10932, stack(0x000000001a490000,0x000000001a590000)]
  0x0000000018065800 JavaThread "File lock request listener" [_thread_in_native, id=22716, stack(0x000000001a390000,0x000000001a490000)]
  0x0000000018064800 JavaThread "Cache worker for file hash cache (D:\Utilisateurs\herve7\.gradle\caches\6.7\fileHashes)" [_thread_blocked, id=11044, stack(0x000000001a290000,0x000000001a390000)]
  0x0000000017efe800 JavaThread "Thread-9" [_thread_blocked, id=8048, stack(0x0000000019f90000,0x000000001a090000)]
  0x0000000017ef8000 JavaThread "Stdin handler" [_thread_blocked, id=24648, stack(0x0000000019d90000,0x0000000019e90000)]
  0x0000000017f00000 JavaThread "Asynchronous log dispatcher for DefaultDaemonConnection: socket connection from /127.0.0.1:52254 to /127.0.0.1:52255" [_thread_blocked, id=18292, stack(0x0000000019c90000,0x0000000019d90000)]
  0x0000000017edf800 JavaThread "Daemon worker" [_thread_in_vm, id=17904, stack(0x0000000019b90000,0x0000000019c90000)]
  0x0000000017ede800 JavaThread "Cancel handler" [_thread_blocked, id=17484, stack(0x0000000019a90000,0x0000000019b90000)]
  0x0000000017ed2800 JavaThread "Handler for socket connection from /127.0.0.1:52254 to /127.0.0.1:52255" [_thread_in_native, id=23832, stack(0x0000000019890000,0x0000000019990000)]
  0x0000000017ed2000 JavaThread "Daemon" [_thread_blocked, id=26596, stack(0x0000000019590000,0x0000000019690000)]
  0x0000000017ec4800 JavaThread "Daemon periodic checks" [_thread_blocked, id=9864, stack(0x0000000019490000,0x0000000019590000)]
  0x0000000017e52000 JavaThread "Incoming local TCP Connector on port 52254" [_thread_in_native, id=18016, stack(0x0000000019390000,0x0000000019490000)]
  0x0000000017dee800 JavaThread "Daemon health stats" [_thread_blocked, id=21288, stack(0x0000000018b50000,0x0000000018c50000)]
  0x0000000015cb7000 JavaThread "Service Thread" daemon [_thread_blocked, id=13076, stack(0x0000000016040000,0x0000000016140000)]
=>0x0000000013c97800 JavaThread "C1 CompilerThread2" daemon [_thread_in_native, id=24424, stack(0x0000000015b40000,0x0000000015c40000)]
  0x0000000013c8e000 JavaThread "C2 CompilerThread1" daemon [_thread_in_native, id=27516, stack(0x0000000015a40000,0x0000000015b40000)]
  0x0000000013c8c000 JavaThread "C2 CompilerThread0" daemon [_thread_in_native, id=27344, stack(0x0000000015940000,0x0000000015a40000)]
  0x0000000013c87000 JavaThread "Attach Listener" daemon [_thread_blocked, id=24284, stack(0x0000000015840000,0x0000000015940000)]
  0x0000000013c85000 JavaThread "Signal Dispatcher" daemon [_thread_blocked, id=12568, stack(0x0000000015740000,0x0000000015840000)]
  0x0000000013c72800 JavaThread "Finalizer" daemon [_thread_blocked, id=11104, stack(0x0000000015510000,0x0000000015610000)]
  0x00000000026c8800 JavaThread "Reference Handler" daemon [_thread_blocked, id=20756, stack(0x0000000015410000,0x0000000015510000)]
  0x00000000025d4000 JavaThread "main" [_thread_blocked, id=24452, stack(0x00000000023f0000,0x00000000024f0000)]

Other Threads:
  0x0000000013c48800 VMThread [stack: 0x0000000015310000,0x0000000015410000] [id=16420]
  0x0000000015cbc800 WatcherThread [stack: 0x00000000162b0000,0x00000000163b0000] [id=25284]

VM state:not at safepoint (normal execution)

VM Mutex/Monitor currently owned by a thread: None

heap address: 0x00000000e0000000, size: 512 MB, Compressed Oops mode: 32-bit
Narrow klass base: 0x0000000000000000, Narrow klass shift: 3
Compressed class space size: 1073741824 Address: 0x0000000100000000

Heap:
 PSYoungGen      total 161792K, used 95213K [0x00000000f5580000, 0x0000000100000000, 0x0000000100000000)
  eden space 150016K, 59% used [0x00000000f5580000,0x00000000facb66e0,0x00000000fe800000)
  from space 11776K, 50% used [0x00000000ff480000,0x00000000ffa44f58,0x0000000100000000)
  to   space 12288K, 0% used [0x00000000fe800000,0x00000000fe800000,0x00000000ff400000)
 ParOldGen       total 175104K, used 16144K [0x00000000e0000000, 0x00000000eab00000, 0x00000000f5580000)
  object space 175104K, 9% used [0x00000000e0000000,0x00000000e0fc42a0,0x00000000eab00000)
 Metaspace       used 46134K, capacity 48110K, committed 48384K, reserved 1091584K
  class space    used 6411K, capacity 6863K, committed 6912K, reserved 1048576K

Card table byte_map: [0x0000000011a90000,0x0000000011ba0000] byte_map_base: 0x0000000011390000

Marking Bits: (ParMarkBitMap*) 0x0000000057f95ce0
 Begin Bits: [0x00000000121a0000, 0x00000000129a0000)
 End Bits:   [0x00000000129a0000, 0x00000000131a0000)

Polling page: 0x0000000000af0000

CodeCache: size=245760Kb used=13846Kb max_used=13846Kb free=231913Kb
 bounds [0x00000000026d0000, 0x0000000003460000, 0x00000000116d0000]
 total_blobs=4772 nmethods=4016 adapters=669
 compilation: enabled

Compilation events (10 events):
Event: 22.919 Thread 0x0000000013c97800 4290       3       java.net.URLClassLoader$1::run (5 bytes)
Event: 22.920 Thread 0x0000000013c97800 nmethod 4290 0x00000000034552d0 code [0x0000000003455440, 0x00000000034555c8]
Event: 22.926 Thread 0x0000000013c8c000 4291       4       org.objectweb.asm.MethodWriter::computeAllFrames (510 bytes)
Event: 22.926 Thread 0x0000000013c97800 4292       3       org.gradle.internal.instantiation.generator.AsmBackedClassGenerator$ClassBuilderImpl::addLazyGetter (22 bytes)
Event: 22.926 Thread 0x0000000013c97800 nmethod 4292 0x0000000003454850 code [0x0000000003454a00, 0x0000000003454f58]
Event: 22.926 Thread 0x0000000013c97800 4293       3       org.gradle.internal.instantiation.generator.AsmBackedClassGenerator$ClassBuilderImpl$$Lambda$42/1208297538::add (21 bytes)
Event: 22.926 Thread 0x0000000013c97800 nmethod 4293 0x0000000003454450 code [0x00000000034545c0, 0x0000000003454768]
Event: 22.926 Thread 0x0000000013c97800 4294       3       org.gradle.internal.instantiation.generator.AsmBackedClassGenerator$ClassBuilderImpl::lambda$addLazyGetter$5 (131 bytes)
Event: 22.927 Thread 0x0000000013c97800 nmethod 4294 0x0000000003452b10 code [0x0000000003452da0, 0x0000000003453e78]
Event: 22.928 Thread 0x0000000013c97800 4296       3       sun.misc.ProxyGenerator$ProxyMethod::codeUnwrapReturnValue (213 bytes)

GC Heap History (10 events):
Event: 5.635 GC heap before
{Heap before GC invocations=6 (full 1):
 PSYoungGen      total 76288K, used 65536K [0x00000000f5580000, 0x00000000fea80000, 0x0000000100000000)
  eden space 65536K, 100% used [0x00000000f5580000,0x00000000f9580000,0x00000000f9580000)
  from space 10752K, 0% used [0x00000000fa000000,0x00000000fa000000,0x00000000faa80000)
  to   space 10752K, 0% used [0x00000000f9580000,0x00000000f9580000,0x00000000fa000000)
 ParOldGen       total 175104K, used 8113K [0x00000000e0000000, 0x00000000eab00000, 0x00000000f5580000)
  object space 175104K, 4% used [0x00000000e0000000,0x00000000e07ec718,0x00000000eab00000)
 Metaspace       used 28445K, capacity 29382K, committed 29440K, reserved 1075200K
  class space    used 4100K, capacity 4345K, committed 4352K, reserved 1048576K
Event: 5.652 GC heap after
Heap after GC invocations=6 (full 1):
 PSYoungGen      total 76288K, used 8215K [0x00000000f5580000, 0x00000000fd800000, 0x0000000100000000)
  eden space 65536K, 0% used [0x00000000f5580000,0x00000000f5580000,0x00000000f9580000)
  from space 10752K, 76% used [0x00000000f9580000,0x00000000f9d85fd0,0x00000000fa000000)
  to   space 11776K, 0% used [0x00000000fcc80000,0x00000000fcc80000,0x00000000fd800000)
 ParOldGen       total 175104K, used 8121K [0x00000000e0000000, 0x00000000eab00000, 0x00000000f5580000)
  object space 175104K, 4% used [0x00000000e0000000,0x00000000e07ee718,0x00000000eab00000)
 Metaspace       used 28445K, capacity 29382K, committed 29440K, reserved 1075200K
  class space    used 4100K, capacity 4345K, committed 4352K, reserved 1048576K
}
Event: 18.873 GC heap before
{Heap before GC invocations=7 (full 1):
 PSYoungGen      total 76288K, used 73751K [0x00000000f5580000, 0x00000000fd800000, 0x0000000100000000)
  eden space 65536K, 100% used [0x00000000f5580000,0x00000000f9580000,0x00000000f9580000)
  from space 10752K, 76% used [0x00000000f9580000,0x00000000f9d85fd0,0x00000000fa000000)
  to   space 11776K, 0% used [0x00000000fcc80000,0x00000000fcc80000,0x00000000fd800000)
 ParOldGen       total 175104K, used 8121K [0x00000000e0000000, 0x00000000eab00000, 0x00000000f5580000)
  object space 175104K, 4% used [0x00000000e0000000,0x00000000e07ee718,0x00000000eab00000)
 Metaspace       used 32714K, capacity 33812K, committed 34176K, reserved 1079296K
  class space    used 4651K, capacity 4927K, committed 4992K, reserved 1048576K
Event: 18.885 GC heap after
Heap after GC invocations=7 (full 1):
 PSYoungGen      total 116224K, used 9864K [0x00000000f5580000, 0x00000000fd680000, 0x0000000100000000)
  eden space 105984K, 0% used [0x00000000f5580000,0x00000000f5580000,0x00000000fbd00000)
  from space 10240K, 96% used [0x00000000fcc80000,0x00000000fd622108,0x00000000fd680000)
  to   space 12288K, 0% used [0x00000000fbe80000,0x00000000fbe80000,0x00000000fca80000)
 ParOldGen       total 175104K, used 8129K [0x00000000e0000000, 0x00000000eab00000, 0x00000000f5580000)
  object space 175104K, 4% used [0x00000000e0000000,0x00000000e07f0718,0x00000000eab00000)
 Metaspace       used 32714K, capacity 33812K, committed 34176K, reserved 1079296K
  class space    used 4651K, capacity 4927K, committed 4992K, reserved 1048576K
}
Event: 19.150 GC heap before
{Heap before GC invocations=8 (full 1):
 PSYoungGen      total 116224K, used 44471K [0x00000000f5580000, 0x00000000fd680000, 0x0000000100000000)
  eden space 105984K, 32% used [0x00000000f5580000,0x00000000f774be48,0x00000000fbd00000)
  from space 10240K, 96% used [0x00000000fcc80000,0x00000000fd622108,0x00000000fd680000)
  to   space 12288K, 0% used [0x00000000fbe80000,0x00000000fbe80000,0x00000000fca80000)
 ParOldGen       total 175104K, used 8129K [0x00000000e0000000, 0x00000000eab00000, 0x00000000f5580000)
  object space 175104K, 4% used [0x00000000e0000000,0x00000000e07f0718,0x00000000eab00000)
 Metaspace       used 34282K, capacity 35468K, committed 35496K, reserved 1079296K
  class space    used 4807K, capacity 5110K, committed 5120K, reserved 1048576K
Event: 19.165 GC heap after
Heap after GC invocations=8 (full 1):
 PSYoungGen      total 119808K, used 9388K [0x00000000f5580000, 0x0000000100000000, 0x0000000100000000)
  eden space 107520K, 0% used [0x00000000f5580000,0x00000000f5580000,0x00000000fbe80000)
  from space 12288K, 76% used [0x00000000fbe80000,0x00000000fc7ab3c8,0x00000000fca80000)
  to   space 11776K, 0% used [0x00000000ff480000,0x00000000ff480000,0x0000000100000000)
 ParOldGen       total 175104K, used 8137K [0x00000000e0000000, 0x00000000eab00000, 0x00000000f5580000)
  object space 175104K, 4% used [0x00000000e0000000,0x00000000e07f2718,0x00000000eab00000)
 Metaspace       used 34282K, capacity 35468K, committed 35496K, reserved 1079296K
  class space    used 4807K, capacity 5110K, committed 5120K, reserved 1048576K
}
Event: 19.166 GC heap before
{Heap before GC invocations=9 (full 2):
 PSYoungGen      total 119808K, used 9388K [0x00000000f5580000, 0x0000000100000000, 0x0000000100000000)
  eden space 107520K, 0% used [0x00000000f5580000,0x00000000f5580000,0x00000000fbe80000)
  from space 12288K, 76% used [0x00000000fbe80000,0x00000000fc7ab3c8,0x00000000fca80000)
  to   space 11776K, 0% used [0x00000000ff480000,0x00000000ff480000,0x0000000100000000)
 ParOldGen       total 175104K, used 8137K [0x00000000e0000000, 0x00000000eab00000, 0x00000000f5580000)
  object space 175104K, 4% used [0x00000000e0000000,0x00000000e07f2718,0x00000000eab00000)
 Metaspace       used 34282K, capacity 35468K, committed 35496K, reserved 1079296K
  class space    used 4807K, capacity 5110K, committed 5120K, reserved 1048576K
Event: 19.220 GC heap after
Heap after GC invocations=9 (full 2):
 PSYoungGen      total 119808K, used 0K [0x00000000f5580000, 0x0000000100000000, 0x0000000100000000)
  eden space 107520K, 0% used [0x00000000f5580000,0x00000000f5580000,0x00000000fbe80000)
  from space 12288K, 0% used [0x00000000fbe80000,0x00000000fbe80000,0x00000000fca80000)
  to   space 11776K, 0% used [0x00000000ff480000,0x00000000ff480000,0x0000000100000000)
 ParOldGen       total 175104K, used 16136K [0x00000000e0000000, 0x00000000eab00000, 0x00000000f5580000)
  object space 175104K, 9% used [0x00000000e0000000,0x00000000e0fc22a0,0x00000000eab00000)
 Metaspace       used 34282K, capacity 35468K, committed 35496K, reserved 1079296K
  class space    used 4807K, capacity 5110K, committed 5120K, reserved 1048576K
}
Event: 21.583 GC heap before
{Heap before GC invocations=10 (full 2):
 PSYoungGen      total 119808K, used 107520K [0x00000000f5580000, 0x0000000100000000, 0x0000000100000000)
  eden space 107520K, 100% used [0x00000000f5580000,0x00000000fbe80000,0x00000000fbe80000)
  from space 12288K, 0% used [0x00000000fbe80000,0x00000000fbe80000,0x00000000fca80000)
  to   space 11776K, 0% used [0x00000000ff480000,0x00000000ff480000,0x0000000100000000)
 ParOldGen       total 175104K, used 16136K [0x00000000e0000000, 0x00000000eab00000, 0x00000000f5580000)
  object space 175104K, 9% used [0x00000000e0000000,0x00000000e0fc22a0,0x00000000eab00000)
 Metaspace       used 37786K, capacity 39538K, committed 39808K, reserved 1083392K
  class space    used 5312K, capacity 5719K, committed 5760K, reserved 1048576K
Event: 21.591 GC heap after
Heap after GC invocations=10 (full 2):
 PSYoungGen      total 161792K, used 5907K [0x00000000f5580000, 0x0000000100000000, 0x0000000100000000)
  eden space 150016K, 0% used [0x00000000f5580000,0x00000000f5580000,0x00000000fe800000)
  from space 11776K, 50% used [0x00000000ff480000,0x00000000ffa44f58,0x0000000100000000)
  to   space 12288K, 0% used [0x00000000fe800000,0x00000000fe800000,0x00000000ff400000)
 ParOldGen       total 175104K, used 16144K [0x00000000e0000000, 0x00000000eab00000, 0x00000000f5580000)
  object space 175104K, 9% used [0x00000000e0000000,0x00000000e0fc42a0,0x00000000eab00000)
 Metaspace       used 37786K, capacity 39538K, committed 39808K, reserved 1083392K
  class space    used 5312K, capacity 5719K, committed 5760K, reserved 1048576K
}

Deoptimization events (10 events):
Event: 22.021 Thread 0x0000000017edf800 Uncommon trap: reason=bimorphic action=maybe_recompile pc=0x0000000002fbb518 method=java.util.AbstractCollection.addAll(Ljava/util/Collection;)Z @ 29
Event: 22.354 Thread 0x0000000017edf800 Uncommon trap: reason=unstable_if action=reinterpret pc=0x00000000030ea358 method=org.objectweb.asm.ByteVector.putUTF8(Ljava/lang/String;)Lorg/objectweb/asm/ByteVector; @ 93
Event: 22.366 Thread 0x0000000017edf800 Uncommon trap: reason=unstable_if action=reinterpret pc=0x0000000002d7ff78 method=org.objectweb.asm.ByteVector.putUTF8(Ljava/lang/String;)Lorg/objectweb/asm/ByteVector; @ 93
Event: 22.405 Thread 0x0000000017edf800 Uncommon trap: reason=predicate action=maybe_recompile pc=0x000000000311bb48 method=java.util.Arrays.binarySearch0([Ljava/lang/Object;IILjava/lang/Object;Ljava/util/Comparator;)I @ 28
Event: 22.803 Thread 0x0000000017edf800 Uncommon trap: reason=predicate action=maybe_recompile pc=0x0000000003420e30 method=java.util.AbstractCollection.toArray([Ljava/lang/Object;)[Ljava/lang/Object; @ 49
Event: 22.820 Thread 0x0000000017edf800 Uncommon trap: reason=unstable_if action=reinterpret pc=0x0000000003233710 method=java.util.jar.JarFile.maybeInstantiateVerifier()V @ 48
Event: 22.825 Thread 0x0000000017edf800 Uncommon trap: reason=unstable_if action=reinterpret pc=0x0000000003355588 method=java.lang.ThreadLocal.get()Ljava/lang/Object; @ 11
Event: 22.851 Thread 0x0000000017edf800 Uncommon trap: reason=unstable_if action=reinterpret pc=0x00000000030978ec method=java.util.HashMap.putVal(ILjava/lang/Object;Ljava/lang/Object;ZZ)Ljava/lang/Object; @ 236
Event: 22.875 Thread 0x0000000017edf800 Uncommon trap: reason=unstable_if action=reinterpret pc=0x0000000002bdd274 method=java.util.jar.JarFile.maybeInstantiateVerifier()V @ 48
Event: 22.886 Thread 0x0000000017edf800 Uncommon trap: reason=unstable_if action=reinterpret pc=0x00000000033b35f8 method=java.util.LinkedHashMap.get(Ljava/lang/Object;)Ljava/lang/Object; @ 20

Classes redefined (0 events):
No events

Internal exceptions (10 events):
Event: 21.693 Thread 0x0000000017edf800 Exception <a 'java/lang/ClassNotFoundException': org/gradle/api/internal/artifacts/repositories/AbstractResolutionAwareArtifactRepositoryBeanInfo> (0x00000000f59b3038) thrown at [C:\re\workspace\8-2-build-windows-amd64-cygwin\jdk8u211\12973\hotspot\src\sh
Event: 21.694 Thread 0x0000000017edf800 Exception <a 'java/lang/ClassNotFoundException': org/gradle/api/internal/artifacts/repositories/AbstractArtifactRepositoryBeanInfo> (0x00000000f5a1f5e0) thrown at [C:\re\workspace\8-2-build-windows-amd64-cygwin\jdk8u211\12973\hotspot\src\share\vm\classfil
Event: 21.695 Thread 0x0000000017edf800 Exception <a 'java/lang/ClassNotFoundException': org/gradle/api/internal/artifacts/repositories/AbstractArtifactRepositoryCustomizer> (0x00000000f5a8f608) thrown at [C:\re\workspace\8-2-build-windows-amd64-cygwin\jdk8u211\12973\hotspot\src\share\vm\classf
Event: 21.697 Thread 0x0000000017edf800 Exception <a 'java/lang/ClassNotFoundException': org/gradle/api/internal/artifacts/repositories/AbstractResolutionAwareArtifactRepositoryCustomizer> (0x00000000f5b2d620) thrown at [C:\re\workspace\8-2-build-windows-amd64-cygwin\jdk8u211\12973\hotspot\src\
Event: 21.698 Thread 0x0000000017edf800 Exception <a 'java/lang/ClassNotFoundException': org/gradle/api/internal/artifacts/repositories/AbstractAuthenticationSupportedRepositoryCustomizer> (0x00000000f5bb2490) thrown at [C:\re\workspace\8-2-build-windows-amd64-cygwin\jdk8u211\12973\hotspot\src\
Event: 21.699 Thread 0x0000000017edf800 Exception <a 'java/lang/ClassNotFoundException': org/gradle/api/internal/artifacts/repositories/DefaultMavenArtifactRepositoryCustomizer> (0x00000000f5c3ac00) thrown at [C:\re\workspace\8-2-build-windows-amd64-cygwin\jdk8u211\12973\hotspot\src\share\vm\cl
Event: 21.701 Thread 0x0000000017edf800 Exception <a 'java/lang/ClassNotFoundException': org/gradle/api/internal/artifacts/repositories/DefaultMavenArtifactRepository_DecoratedCustomizer> (0x00000000f5cd63d0) thrown at [C:\re\workspace\8-2-build-windows-amd64-cygwin\jdk8u211\12973\hotspot\src\s
Event: 21.781 Thread 0x0000000017edf800 Exception <a 'java/lang/ClassNotFoundException': build_90wcszkk5tjsl1v2tyudfplmhBeanInfo> (0x00000000f5e8cba0) thrown at [C:\re\workspace\8-2-build-windows-amd64-cygwin\jdk8u211\12973\hotspot\src\share\vm\classfile\systemDictionary.cpp, line 210]
Event: 21.781 Thread 0x0000000017edf800 Exception <a 'java/lang/ClassNotFoundException': build_90wcszkk5tjsl1v2tyudfplmhCustomizer> (0x00000000f5e993b0) thrown at [C:\re\workspace\8-2-build-windows-amd64-cygwin\jdk8u211\12973\hotspot\src\share\vm\classfile\systemDictionary.cpp, line 210]
Event: 22.825 Thread 0x0000000017edf800 Implicit null exception at 0x0000000003355008 to 0x0000000003355571

Events (10 events):
Event: 22.924 loading class com/android/build/api/dsl/ExternalNativeCmakeOptions
Event: 22.924 loading class com/android/build/api/dsl/ExternalNativeCmakeOptions done
Event: 22.924 loading class com/android/build/api/dsl/ExternalNativeNdkBuildOptions
Event: 22.924 loading class com/android/build/api/dsl/ExternalNativeNdkBuildOptions done
Event: 22.924 loading class com/android/build/gradle/internal/dsl/ExternalNativeNdkBuildOptions
Event: 22.924 loading class com/android/build/gradle/internal/dsl/ExternalNativeNdkBuildOptions done
Event: 22.925 loading class com/android/build/gradle/internal/dsl/CoreExternalNativeNdkBuildOptions
Event: 22.925 loading class com/android/build/gradle/internal/dsl/CoreExternalNativeNdkBuildOptions done
Event: 22.927 loading class com/google/common/annotations/VisibleForTesting
Event: 22.927 loading class com/google/common/annotations/VisibleForTesting done


Dynamic libraries:
0x00007ff698000000 - 0x00007ff698037000 	C:\Program Files\Java\jdk1.8.0_211\bin\java.exe
0x00007ffa67b70000 - 0x00007ffa67d65000 	C:\WINDOWS\SYSTEM32\ntdll.dll
0x00007ffa67630000 - 0x00007ffa676ee000 	C:\WINDOWS\System32\KERNEL32.DLL
0x00007ffa65450000 - 0x00007ffa65718000 	C:\WINDOWS\System32\KERNELBASE.dll
0x000000005a480000 - 0x000000005a52f000 	C:\ProgramData\Symantec\Symantec Endpoint Protection\14.3.5427.3000.105\Data\Sysfer\x64\sysfer.dll
0x00007ffa66cc0000 - 0x00007ffa66d6e000 	C:\WINDOWS\System32\ADVAPI32.dll
0x00007ffa66f40000 - 0x00007ffa66fde000 	C:\WINDOWS\System32\msvcrt.dll
0x00007ffa670c0000 - 0x00007ffa6715c000 	C:\WINDOWS\System32\sechost.dll
0x00007ffa67370000 - 0x00007ffa67495000 	C:\WINDOWS\System32\RPCRT4.dll
0x00007ffa65bc0000 - 0x00007ffa65d60000 	C:\WINDOWS\System32\USER32.dll
0x00007ffa65420000 - 0x00007ffa65442000 	C:\WINDOWS\System32\win32u.dll
0x00007ffa67340000 - 0x00007ffa6736b000 	C:\WINDOWS\System32\GDI32.dll
0x00007ffa65720000 - 0x00007ffa6582d000 	C:\WINDOWS\System32\gdi32full.dll
0x00007ffa65a20000 - 0x00007ffa65abd000 	C:\WINDOWS\System32\msvcp_win.dll
0x00007ffa65ac0000 - 0x00007ffa65bc0000 	C:\WINDOWS\System32\ucrtbase.dll
0x00007ffa4d740000 - 0x00007ffa4d9da000 	C:\WINDOWS\WinSxS\amd64_microsoft.windows.common-controls_6595b64144ccf1df_6.0.19041.1110_none_60b5254171f9507e\COMCTL32.dll
0x00007ffa665e0000 - 0x00007ffa66610000 	C:\WINDOWS\System32\IMM32.DLL
0x00000000594a0000 - 0x0000000059572000 	C:\Program Files\Java\jdk1.8.0_211\jre\bin\msvcr100.dll
0x0000000057770000 - 0x0000000058015000 	C:\Program Files\Java\jdk1.8.0_211\jre\bin\server\jvm.dll
0x00007ffa66b50000 - 0x00007ffa66b58000 	C:\WINDOWS\System32\PSAPI.DLL
0x00007ffa4a040000 - 0x00007ffa4a049000 	C:\WINDOWS\SYSTEM32\WSOCK32.dll
0x00007ffa66bc0000 - 0x00007ffa66c2b000 	C:\WINDOWS\System32\WS2_32.dll
0x00007ffa57400000 - 0x00007ffa57427000 	C:\WINDOWS\SYSTEM32\WINMM.dll
0x00007ffa5d5f0000 - 0x00007ffa5d5fa000 	C:\WINDOWS\SYSTEM32\VERSION.dll
0x00007ffa62580000 - 0x00007ffa6258f000 	C:\Program Files\Java\jdk1.8.0_211\jre\bin\verify.dll
0x00007ffa5f240000 - 0x00007ffa5f269000 	C:\Program Files\Java\jdk1.8.0_211\jre\bin\java.dll
0x00007ffa5ece0000 - 0x00007ffa5ecf6000 	C:\Program Files\Java\jdk1.8.0_211\jre\bin\zip.dll
0x00007ffa65d70000 - 0x00007ffa664b4000 	C:\WINDOWS\System32\SHELL32.dll
0x00007ffa63310000 - 0x00007ffa63aa4000 	C:\WINDOWS\SYSTEM32\windows.storage.dll
0x00007ffa676f0000 - 0x00007ffa67a45000 	C:\WINDOWS\System32\combase.dll
0x00007ffa64b20000 - 0x00007ffa64b4e000 	C:\WINDOWS\SYSTEM32\Wldp.dll
0x00007ffa67500000 - 0x00007ffa675ad000 	C:\WINDOWS\System32\SHCORE.dll
0x00007ffa674a0000 - 0x00007ffa674f5000 	C:\WINDOWS\System32\shlwapi.dll
0x00007ffa651c0000 - 0x00007ffa651df000 	C:\WINDOWS\SYSTEM32\profapi.dll
0x00007ffa50400000 - 0x00007ffa5041a000 	C:\Program Files\Java\jdk1.8.0_211\jre\bin\net.dll
0x00007ffa51050000 - 0x00007ffa5123b000 	C:\WINDOWS\SYSTEM32\urlmon.dll
0x00007ffa51950000 - 0x00007ffa51c01000 	C:\WINDOWS\SYSTEM32\iertutil.dll
0x00007ffa4ed90000 - 0x00007ffa4edb8000 	C:\WINDOWS\SYSTEM32\srvcli.dll
0x00007ffa64650000 - 0x00007ffa6465c000 	C:\WINDOWS\SYSTEM32\netutils.dll
0x00007ffa64900000 - 0x00007ffa6496a000 	C:\WINDOWS\system32\mswsock.dll
0x00007ffa4aa60000 - 0x00007ffa4aa72000 	C:\Program Files\Java\jdk1.8.0_211\jre\bin\nio.dll
0x00007ffa4a930000 - 0x00007ffa4a956000 	D:\Utilisateurs\herve7\.gradle\native\fdc75f09e3144964f2cf3f50f0aa648679c211496f362492102eb8c894070792\windows-amd64\native-platform.dll
0x00007ffa2f730000 - 0x00007ffa2f8c1000 	D:\Utilisateurs\herve7\.gradle\native\12488b8bf47d2d4c9fbf2f6322a914ad602e24e48041cd04a747c6da556b65c4\windows-amd64\native-platform-file-events.dll
0x00007ffa5cf50000 - 0x00007ffa5cf5d000 	C:\Program Files\Java\jdk1.8.0_211\jre\bin\management.dll
0x00007ffa64b60000 - 0x00007ffa64b78000 	C:\WINDOWS\SYSTEM32\CRYPTSP.dll
0x00007ffa642a0000 - 0x00007ffa642d4000 	C:\WINDOWS\system32\rsaenh.dll
0x00007ffa65340000 - 0x00007ffa65367000 	C:\WINDOWS\System32\bcrypt.dll
0x00007ffa65180000 - 0x00007ffa651ae000 	C:\WINDOWS\SYSTEM32\USERENV.dll
0x00007ffa65830000 - 0x00007ffa658b2000 	C:\WINDOWS\System32\bcryptprimitives.dll
0x00007ffa64a90000 - 0x00007ffa64a9c000 	C:\WINDOWS\SYSTEM32\CRYPTBASE.dll
0x00007ffa64610000 - 0x00007ffa6464b000 	C:\WINDOWS\SYSTEM32\IPHLPAPI.DLL
0x00007ffa65d60000 - 0x00007ffa65d68000 	C:\WINDOWS\System32\NSI.dll
0x00007ffa5f9c0000 - 0x00007ffa5f9d7000 	C:\WINDOWS\SYSTEM32\dhcpcsvc6.DLL
0x00007ffa5f9a0000 - 0x00007ffa5f9bd000 	C:\WINDOWS\SYSTEM32\dhcpcsvc.DLL
0x00007ffa64660000 - 0x00007ffa6472b000 	C:\WINDOWS\SYSTEM32\DNSAPI.dll
0x00007ffa5fb70000 - 0x00007ffa5fb7b000 	C:\WINDOWS\SYSTEM32\WINNSI.DLL

VM Arguments:
jvm_args: -XX:MaxMetaspaceSize=256m -XX:+HeapDumpOnOutOfMemoryError -Xms256m -Xmx512m -Dfile.encoding=windows-1252 -Duser.country=FR -Duser.language=fr -Duser.variant 
java_command: org.gradle.launcher.daemon.bootstrap.GradleDaemon 6.7
java_class_path (initial): D:\Utilisateurs\herve7\.gradle\wrapper\dists\gradle-6.7-all\cuy9mc7upwgwgeb72wkcrupxe\gradle-6.7\lib\gradle-launcher-6.7.jar
Launcher Type: SUN_STANDARD

Environment Variables:
JAVA_HOME=C:\Program Files\Java\jdk1.8.0_211
CLASSPATH=D:\Utilisateurs\herve7\Documents\projet\js\MyAppLGR\android\\gradle\wrapper\gradle-wrapper.jar
PATH=D:\Utilisateurs\herve7\Documents\projet\js\MyAppLGR\android\node_modules\.bin;D:\Utilisateurs\herve7\Documents\projet\js\MyAppLGR\node_modules\.bin;D:\Utilisateurs\herve7\Documents\projet\js\node_modules\.bin;D:\Utilisateurs\herve7\Documents\projet\node_modules\.bin;D:\Utilisateurs\herve7\Documents\node_modules\.bin;D:\Utilisateurs\herve7\node_modules\.bin;D:\Utilisateurs\node_modules\.bin;D:\node_modules\.bin;C:\Program Files\nodejs;D:\Utilisateurs\herve7\AppData\Local\Temp\yarn--1645173033068-0.6334894691054487;D:\Utilisateurs\herve7\Documents\projet\js\MyAppLGR\node_modules\.bin;D:\Utilisateurs\herve7\AppData\Local\Yarn\Data\link\node_modules\.bin;D:\Utilisateurs\herve7\AppData\Local\Yarn\bin;C:\Program Files\libexec\lib\node_modules\npm\bin\node-gyp-bin;C:\Program Files\lib\node_modules\npm\bin\node-gyp-bin;C:\Program Files\nodejs\node_modules\npm\bin\node-gyp-bin;C:\Program Files\Common Files\Oracle\Java\javapath;C:\Python310\Scripts\;C:\Python310\;C:\Program Files (x86)\Common Files\Oracle\Java\javapath;C:\WINDOWS\system32;C:\WINDOWS;C:\WINDOWS\System32\Wbem;C:\WINDOWS\System32\WindowsPowerShell\v1.0\;C:\WINDOWS\System32\OpenSSH\;C:\ProgramData\chocolatey\bin;C:\Program Files\Git\cmd;C:\Program Files\nodejs\;C:\ProgramData\chocolatey\lib\maven\apache-maven-3.8.4\bin;C:\wamp64\bin\php\php7.4.26;C:\ProgramData\ComposerSetup\bin;C:\Program Files\Docker\Docker\resources\bin;C:\ProgramData\DockerDesktop\version-bin;C:\Program Files\dotnet\;C:\Program Files\Java\jdk1.8.0_211\bin;C:\Android\android-sdk\tools;C:\Android\android-sdk\platform-tools;C:\Android\android-sdk\tools\bin;D:\Utilisateurs\herve7\AppData\Local\Microsoft\WindowsApps;D:\Utilisateurs\herve7\AppData\Local\Programs\Microsoft VS Code\bin;D:\Utilisateurs\herve7\AppData\Roaming\npm;C:\Program Files\heroku\bin;C:\Program Files\OpenSSL-Win64\bin;D:\Utilisateurs\herve7\AppData\Roaming\Composer\vendor\bin;D:\Utilisateurs\herve7\.dotnet\tools
USERNAME=herve7
OS=Windows_NT
PROCESSOR_IDENTIFIER=AMD64 Family 23 Model 96 Stepping 1, AuthenticAMD



---------------  S Y S T E M  ---------------

OS: Windows 10.0 , 64 bit Build 19041 (10.0.19041.1503)

CPU:total 6 (initial active 6) (6 cores per cpu, 1 threads per core) family 23 model 96 stepping 1, cmov, cx8, fxsr, mmx, sse, sse2, sse3, ssse3, sse4.1, sse4.2, popcnt, avx, avx2, aes, clmul, mmxext, 3dnowpref, lzcnt, sse4a, tsc, tscinvbit, tscinv, bmi1

Memory: 4k page, physical 7763268k(281156k free), swap 20233664k(12k free)

vm_info: Java HotSpot(TM) 64-Bit Server VM (25.211-b12) for windows-amd64 JRE (1.8.0_211-b12), built on Apr  1 2019 20:53:26 by "java_re" with MS VC++ 10.0 (VS2010)

time: Fri Feb 18 11:31:24 2022
timezone: Afrique de l’Est
elapsed time: 22 seconds (0d 0h 0m 22s)

