#
# There is insufficient memory for the Java Runtime Environment to continue.
# Native memory allocation (mmap) failed to map 125829120 bytes for G1 virtual space
# Possible reasons:
#   The system is out of physical RAM or swap space
#   The process is running with CompressedOops enabled, and the Java Heap may be blocking the growth of the native heap
# Possible solutions:
#   Reduce memory load on the system
#   Increase physical memory or swap space
#   Check if swap backing store is full
#   Decrease Java heap size (-Xmx/-Xms)
#   Decrease number of Java threads
#   Decrease Java thread stack sizes (-Xss)
#   Set larger code cache with -XX:ReservedCodeCacheSize=
#   JVM is running with Unscaled Compressed Oops mode in which the Java heap is
#     placed in the first 4GB address space. The Java Heap base address is the
#     maximum limit for the native heap growth. Please use -XX:HeapBaseMinAddress
#     to set the Java Heap base and to place the Java Heap above 4GB virtual address.
# This output file may be truncated or incomplete.
#
#  Out of Memory Error (os_windows.cpp:3469), pid=6392, tid=20816
#
# JRE version:  (17.0.1+12) (build )
# Java VM: Java HotSpot(TM) 64-Bit Server VM (17.0.1+12-LTS-39, mixed mode, sharing, tiered, compressed oops, compressed class ptrs, g1 gc, windows-amd64)
# No core dump will be written. Minidumps are not enabled by default on client versions of Windows
#

---------------  S U M M A R Y ------------

Command Line: org.jetbrains.kotlin.cli.jvm.K2JVMCompiler @D:\Utilisateurs\herve7\Documents\projet\js\React-native\MyAppLGR\node_modules\react-native-screens\android\build\20220308_862152719870104927.compiler.options

Host: AMD Ryzen 5 4500U with Radeon Graphics         , 6 cores, 7G,  Windows 10 , 64 bit Build 19041 (10.0.19041.1503)
Time: Tue Mar  8 11:02:57 2022 Afrique de l, 64 bit Build 19041 (10.0.19041.1503) elapsed time: 0.021283 seconds (0d 0h 0m 0s)

---------------  T H R E A D  ---------------

Current thread (0x000001a1b5299570):  JavaThread "Unknown thread" [_thread_in_vm, id=20816, stack(0x0000001de7300000,0x0000001de7400000)]

Stack: [0x0000001de7300000,0x0000001de7400000]
Native frames: (J=compiled Java code, j=interpreted, Vv=VM code, C=native code)
V  [jvm.dll+0x66fa1a]
V  [jvm.dll+0x7ce5a4]
V  [jvm.dll+0x7cfd4e]
V  [jvm.dll+0x7d03b3]
V  [jvm.dll+0x242b05]
V  [jvm.dll+0x66ca39]
V  [jvm.dll+0x661502]
V  [jvm.dll+0x30081b]
V  [jvm.dll+0x307da6]
V  [jvm.dll+0x357a1e]
V  [jvm.dll+0x357c4f]
V  [jvm.dll+0x2d7ad8]
V  [jvm.dll+0x2d8a44]
V  [jvm.dll+0x7a01e1]
V  [jvm.dll+0x365791]
V  [jvm.dll+0x77f6cc]
V  [jvm.dll+0x3e812f]
V  [jvm.dll+0x3e9bd1]
C  [jli.dll+0x527b]
C  [ucrtbase.dll+0x21bb2]
C  [KERNEL32.DLL+0x17034]
C  [ntdll.dll+0x52651]


---------------  P R O C E S S  ---------------

Threads class SMR info:
_java_thread_list=0x00007ffa23337818, length=0, elements={
}

Java Threads: ( => current thread )

Other Threads:
  0x000001a1b52d0840 GCTaskThread "GC Thread#0" [stack: 0x0000001de7400000,0x0000001de7500000] [id=25432]
  0x000001a1b52e0380 ConcurrentGCThread "G1 Main Marker" [stack: 0x0000001de7500000,0x0000001de7600000] [id=23232]
  0x000001a1b52e0c90 ConcurrentGCThread "G1 Conc#0" [stack: 0x0000001de7600000,0x0000001de7700000] [id=25416]

[error occurred during error reporting (printing all threads), id 0xc0000005, EXCEPTION_ACCESS_VIOLATION (0xc0000005) at pc=0x00007ffa22b884b7]

VM state: not at safepoint (not fully initialized)

VM Mutex/Monitor currently owned by a thread:  ([mutex/lock_event])
[0x000001a1b5290a60] Heap_lock - owner thread: 0x000001a1b5299570

Heap address: 0x0000000089800000, size: 1896 MB, Compressed Oops mode: 32-bit

CDS archive(s) mapped at: [0x0000000000000000-0x0000000000000000-0x0000000000000000), size 0, SharedBaseAddress: 0x0000000800000000, ArchiveRelocationMode: 0.
Narrow klass base: 0x0000000000000000, Narrow klass shift: 0, Narrow klass range: 0x0

GC Precious Log:
<Empty>

Heap:
 garbage-first heap   total 0K, used 0K [0x0000000089800000, 0x0000000100000000)
  region size 1024K, 0 young (0K), 0 survivors (0K)

[error occurred during error reporting (printing heap information), id 0xc0000005, EXCEPTION_ACCESS_VIOLATION (0xc0000005) at pc=0x00007ffa22f68d89]

GC Heap History (0 events):
No events

Deoptimization events (0 events):
No events

Classes unloaded (0 events):
No events

Classes redefined (0 events):
No events

Internal exceptions (0 events):
No events

VM Operations (0 events):
No events

Events (1 events):
Event: 0.009 Loaded shared library C:\Program Files\Java\jdk-17.0.1\bin\java.dll


Dynamic libraries:
0x00007ff612130000 - 0x00007ff612140000 	C:\Program Files\Java\jdk-17.0.1\bin\java.exe
0x00007ffa8cfb0000 - 0x00007ffa8d1a5000 	C:\WINDOWS\SYSTEM32\ntdll.dll
0x00007ffa8c6a0000 - 0x00007ffa8c75e000 	C:\WINDOWS\System32\KERNEL32.DLL
0x00007ffa8ab00000 - 0x00007ffa8adc8000 	C:\WINDOWS\System32\KERNELBASE.dll
0x0000000077090000 - 0x000000007713f000 	C:\ProgramData\Symantec\Symantec Endpoint Protection\14.3.5427.3000.105\Data\Sysfer\x64\sysfer.dll
0x00007ffa8a8c0000 - 0x00007ffa8a9c0000 	C:\WINDOWS\System32\ucrtbase.dll
0x00007ffa63a20000 - 0x00007ffa63a38000 	C:\Program Files\Java\jdk-17.0.1\bin\jli.dll
0x00007ffa63a00000 - 0x00007ffa63a1a000 	C:\Program Files\Java\jdk-17.0.1\bin\VCRUNTIME140.dll
0x00007ffa8b710000 - 0x00007ffa8b7be000 	C:\WINDOWS\System32\ADVAPI32.dll
0x00007ffa8cd20000 - 0x00007ffa8cdbe000 	C:\WINDOWS\System32\msvcrt.dll
0x00007ffa8b4d0000 - 0x00007ffa8b56c000 	C:\WINDOWS\System32\sechost.dll
0x00007ffa8c540000 - 0x00007ffa8c665000 	C:\WINDOWS\System32\RPCRT4.dll
0x00007ffa8c760000 - 0x00007ffa8c900000 	C:\WINDOWS\System32\USER32.dll
0x00007ffa8a9c0000 - 0x00007ffa8a9e2000 	C:\WINDOWS\System32\win32u.dll
0x00007ffa8c670000 - 0x00007ffa8c69b000 	C:\WINDOWS\System32\GDI32.dll
0x00007ffa8a9f0000 - 0x00007ffa8aafd000 	C:\WINDOWS\System32\gdi32full.dll
0x00007ffa73350000 - 0x00007ffa735ea000 	C:\WINDOWS\WinSxS\amd64_microsoft.windows.common-controls_6595b64144ccf1df_6.0.19041.1110_none_60b5254171f9507e\COMCTL32.dll
0x00007ffa8a820000 - 0x00007ffa8a8bd000 	C:\WINDOWS\System32\msvcp_win.dll
0x00007ffa80810000 - 0x00007ffa8081a000 	C:\WINDOWS\SYSTEM32\VERSION.dll
0x00007ffa8ccf0000 - 0x00007ffa8cd20000 	C:\WINDOWS\System32\IMM32.DLL
0x00007ffa683a0000 - 0x00007ffa683ac000 	C:\Program Files\Java\jdk-17.0.1\bin\vcruntime140_1.dll
0x00007ffa63c40000 - 0x00007ffa63ccd000 	C:\Program Files\Java\jdk-17.0.1\bin\msvcp140.dll
0x00007ffa228a0000 - 0x00007ffa2345e000 	C:\Program Files\Java\jdk-17.0.1\bin\server\jvm.dll
0x00007ffa8bc40000 - 0x00007ffa8bc48000 	C:\WINDOWS\System32\PSAPI.DLL
0x00007ffa72550000 - 0x00007ffa72559000 	C:\WINDOWS\SYSTEM32\WSOCK32.dll
0x00007ffa8bd80000 - 0x00007ffa8bdeb000 	C:\WINDOWS\System32\WS2_32.dll
0x00007ffa7fe60000 - 0x00007ffa7fe87000 	C:\WINDOWS\SYSTEM32\WINMM.dll
0x00007ffa88f50000 - 0x00007ffa88f62000 	C:\WINDOWS\SYSTEM32\kernel.appcore.dll
0x00007ffa63c30000 - 0x00007ffa63c3a000 	C:\Program Files\Java\jdk-17.0.1\bin\jimage.dll
0x00007ffa88340000 - 0x00007ffa88524000 	C:\WINDOWS\SYSTEM32\DBGHELP.DLL
0x00007ffa6e970000 - 0x00007ffa6e99c000 	C:\WINDOWS\SYSTEM32\dbgcore.DLL
0x00007ffa8af70000 - 0x00007ffa8aff2000 	C:\WINDOWS\System32\bcryptPrimitives.dll
0x00007ffa63c00000 - 0x00007ffa63c25000 	C:\Program Files\Java\jdk-17.0.1\bin\java.dll

dbghelp: loaded successfully - version: 4.0.5 - missing functions: none
symbol engine: initialized successfully - sym options: 0x614 - pdb path: .;C:\Program Files\Java\jdk-17.0.1\bin;C:\WINDOWS\SYSTEM32;C:\ProgramData\Symantec\Symantec Endpoint Protection\14.3.5427.3000.105\Data\Sysfer\x64;C:\WINDOWS\WinSxS\amd64_microsoft.windows.common-controls_6595b64144ccf1df_6.0.19041.1110_none_60b5254171f9507e;C:\Program Files\Java\jdk-17.0.1\bin\server

VM Arguments:
java_command: org.jetbrains.kotlin.cli.jvm.K2JVMCompiler @D:\Utilisateurs\herve7\Documents\projet\js\React-native\MyAppLGR\node_modules\react-native-screens\android\build\20220308_862152719870104927.compiler.options
java_class_path (initial): D:\Utilisateurs\herve7\.gradle\caches\modules-2\files-2.1\org.jetbrains.kotlin\kotlin-compiler-embeddable\1.4.10\38c4b99d5d5362debdd9302a866730379aa2328a\kotlin-compiler-embeddable-1.4.10.jar;D:\Utilisateurs\herve7\.gradle\caches\modules-2\files-2.1\org.jetbrains.kotlin\kotlin-reflect\1.4.10\e2b3c6695eee6085e606d96d685396dce23a3a06\kotlin-reflect-1.4.10.jar;D:\Utilisateurs\herve7\.gradle\caches\modules-2\files-2.1\org.jetbrains.kotlin\kotlin-stdlib\1.4.10\ea29e063d2bbe695be13e9d044dcfb0c7add398e\kotlin-stdlib-1.4.10.jar;D:\Utilisateurs\herve7\.gradle\caches\modules-2\files-2.1\org.jetbrains.kotlin\kotlin-script-runtime\1.4.10\7c19d9c2001e016cd7664cebe9eea66fc04a7f4f\kotlin-script-runtime-1.4.10.jar;D:\Utilisateurs\herve7\.gradle\caches\modules-2\files-2.1\org.jetbrains.kotlin\kotlin-daemon-embeddable\1.4.10\dbd67f42bed28043d17d7c860b06110a00a45970\kotlin-daemon-embeddable-1.4.10.jar;D:\Utilisateurs\herve7\.gradle\caches\modules-2\files-2.1\org.jetbrains.intellij.deps\trove4j\1.0.20181211\216c2e14b070f334479d800987affe4054cd563f\trove4j-1.0.20181211.jar;D:\Utilisateurs\herve7\.gradle\caches\modules-2\files-2.1\org.jetbrains.kotlin\kotlin-stdlib-common\1.4.10\6229be3465805c99db1142ad75e6c6ddeac0b04c\kotlin-stdlib-common-1.4.10.jar;D:\Utilisateurs\herve7\.gradle\caches\modules-2\files-2.1\org.jetbrains\annotations\13.0\919f0dfe192fb4e063e7dacadee7f8bb9a2672a9\annotations-13.0.jar
Launcher Type: SUN_STANDARD

[Global flags]
     intx CICompilerCount                          = 3                                         {product} {ergonomic}
     uint ConcGCThreads                            = 2                                         {product} {ergonomic}
     uint G1ConcRefinementThreads                  = 6                                         {product} {ergonomic}
   size_t G1HeapRegionSize                         = 1048576                                   {product} {ergonomic}
    uintx GCDrainStackTargetSize                   = 64                                        {product} {ergonomic}
   size_t InitialHeapSize                          = 125829120                                 {product} {ergonomic}
   size_t MarkStackSize                            = 4194304                                   {product} {ergonomic}
   size_t MaxHeapSize                              = 1988100096                                {product} {ergonomic}
   size_t MinHeapDeltaBytes                        = 1048576                                   {product} {ergonomic}
   size_t MinHeapSize                              = 8388608                                   {product} {ergonomic}
    uintx NonNMethodCodeHeapSize                   = 5832780                                {pd product} {ergonomic}
    uintx NonProfiledCodeHeapSize                  = 122912730                              {pd product} {ergonomic}
    uintx ProfiledCodeHeapSize                     = 122912730                              {pd product} {ergonomic}
    uintx ReservedCodeCacheSize                    = 251658240                              {pd product} {ergonomic}
     bool SegmentedCodeCache                       = true                                      {product} {ergonomic}
   size_t SoftMaxHeapSize                          = 1988100096                             {manageable} {ergonomic}
     bool UseCompressedClassPointers               = true                           {product lp64_product} {ergonomic}
     bool UseCompressedOops                        = true                           {product lp64_product} {ergonomic}
     bool UseG1GC                                  = true                                      {product} {ergonomic}
     bool UseLargePagesIndividualAllocation        = false                                  {pd product} {ergonomic}

Logging:
Log output configuration:
 #0: stdout all=warning uptime,level,tags
 #1: stderr all=off uptime,level,tags

Environment Variables:
JAVA_HOME=C:\Program Files\Java\jdk-17.0.1
CLASSPATH=D:\Utilisateurs\herve7\Documents\projet\js\React-native\MyAppLGR\android\\gradle\wrapper\gradle-wrapper.jar
PATH=C:\Program Files\Common Files\Oracle\Java\javapath;C:\Python310\Scripts\;C:\Python310\;C:\Program Files (x86)\Common Files\Oracle\Java\javapath;C:\WINDOWS\system32;C:\WINDOWS;C:\WINDOWS\System32\Wbem;C:\WINDOWS\System32\WindowsPowerShell\v1.0\;C:\WINDOWS\System32\OpenSSH\;C:\ProgramData\chocolatey\bin;C:\Program Files\Git\cmd;C:\Program Files\nodejs\;C:\ProgramData\chocolatey\lib\maven\apache-maven-3.8.4\bin;C:\wamp64\bin\php\php7.4.26;C:\ProgramData\ComposerSetup\bin;C:\Program Files\Docker\Docker\resources\bin;C:\ProgramData\DockerDesktop\version-bin;C:\Program Files\dotnet\;C:\Program Files\Java\jdk-17.0.1\bin;C:\Android\android-sdk\tools;C:\Android\android-sdk\platform-tools;C:\Android\android-sdk\tools\bin;D:\Utilisateurs\herve7\AppData\Local\Microsoft\WindowsApps;D:\Utilisateurs\herve7\AppData\Local\Programs\Microsoft VS Code\bin;D:\Utilisateurs\herve7\AppData\Roaming\npm;C:\Program Files\heroku\bin;C:\Program Files\OpenSSL-Win64\bin;D:\Utilisateurs\herve7\AppData\Roaming\Composer\vendor\bin;D:\Utilisateurs\herve7\.dotnet\tools
USERNAME=herve7
LANG=fr_FR.UTF-8
OS=Windows_NT
PROCESSOR_IDENTIFIER=AMD64 Family 23 Model 96 Stepping 1, AuthenticAMD



---------------  S Y S T E M  ---------------

OS:
 Windows 10 , 64 bit Build 19041 (10.0.19041.1503)
OS uptime: 0 days 1:27 hours
Hyper-V role detected

CPU: total 6 (initial active 6) (6 cores per cpu, 1 threads per core) family 23 model 96 stepping 1 microcode 0x0, cx8, cmov, fxsr, mmx, 3dnowpref, sse, sse2, sse3, ssse3, sse4a, sse4.1, sse4.2, popcnt, lzcnt, tsc, tscinvbit, avx, avx2, aes, clmul, bmi1, bmi2, adx, sha, fma, vzeroupper, clflush, clflushopt, hv

Memory: 4k page, system-wide physical 7581M (227M free)
TotalPageFile size 19759M (AvailPageFile size 115M)
current process WorkingSet (physical memory assigned to process): 11M, peak: 11M
current process commit charge ("private bytes"): 56M, peak: 176M

vm_info: Java HotSpot(TM) 64-Bit Server VM (17.0.1+12-LTS-39) for windows-amd64 JRE (17.0.1+12-LTS-39), built on Sep 27 2021 18:41:35 by "mach5one" with MS VC++ 16.8 (VS2019)

END.
